{"/home/skyfall/Téléchargements/ict_304-main/src/app.js": {"path":"/home/skyfall/Téléchargements/ict_304-main/src/app.js","all":false,"statementMap":{"0":{"start":{"line":1,"column":0},"end":{"line":1,"column":30}},"1":{"start":{"line":2,"column":0},"end":{"line":2,"column":24}},"2":{"start":{"line":3,"column":0},"end":{"line":3,"column":24}},"3":{"start":{"line":4,"column":0},"end":{"line":4,"column":72}},"4":{"start":{"line":5,"column":0},"end":{"line":5,"column":80}},"5":{"start":{"line":6,"column":0},"end":{"line":6,"column":66}},"6":{"start":{"line":7,"column":0},"end":{"line":7,"column":0}},"7":{"start":{"line":8,"column":0},"end":{"line":8,"column":22}},"8":{"start":{"line":9,"column":0},"end":{"line":9,"column":0}},"9":{"start":{"line":10,"column":0},"end":{"line":10,"column":16}},"10":{"start":{"line":11,"column":0},"end":{"line":11,"column":24}},"11":{"start":{"line":12,"column":0},"end":{"line":12,"column":0}},"12":{"start":{"line":13,"column":0},"end":{"line":13,"column":79}},"13":{"start":{"line":14,"column":0},"end":{"line":14,"column":75}},"14":{"start":{"line":15,"column":0},"end":{"line":15,"column":0}},"15":{"start":{"line":16,"column":0},"end":{"line":16,"column":14}},"16":{"start":{"line":17,"column":0},"end":{"line":17,"column":56}},"17":{"start":{"line":18,"column":0},"end":{"line":18,"column":50}},"18":{"start":{"line":19,"column":0},"end":{"line":19,"column":59}},"19":{"start":{"line":20,"column":0},"end":{"line":20,"column":0}},"20":{"start":{"line":21,"column":0},"end":{"line":21,"column":17}},"21":{"start":{"line":22,"column":0},"end":{"line":22,"column":59}},"22":{"start":{"line":23,"column":0},"end":{"line":23,"column":59}},"23":{"start":{"line":24,"column":0},"end":{"line":24,"column":63}},"24":{"start":{"line":25,"column":0},"end":{"line":25,"column":61}},"25":{"start":{"line":26,"column":0},"end":{"line":26,"column":63}},"26":{"start":{"line":27,"column":0},"end":{"line":27,"column":63}},"27":{"start":{"line":28,"column":0},"end":{"line":28,"column":0}},"28":{"start":{"line":29,"column":0},"end":{"line":29,"column":21}},"29":{"start":{"line":30,"column":0},"end":{"line":30,"column":66}},"30":{"start":{"line":31,"column":0},"end":{"line":31,"column":89}},"31":{"start":{"line":32,"column":0},"end":{"line":32,"column":0}},"32":{"start":{"line":33,"column":0},"end":{"line":33,"column":70}},"33":{"start":{"line":34,"column":0},"end":{"line":34,"column":34}},"34":{"start":{"line":35,"column":0},"end":{"line":35,"column":35}},"35":{"start":{"line":36,"column":0},"end":{"line":36,"column":2}},"36":{"start":{"line":37,"column":0},"end":{"line":37,"column":44}},"37":{"start":{"line":38,"column":0},"end":{"line":38,"column":50}},"38":{"start":{"line":39,"column":0},"end":{"line":39,"column":56}},"39":{"start":{"line":40,"column":0},"end":{"line":40,"column":53}},"40":{"start":{"line":41,"column":0},"end":{"line":41,"column":53}},"41":{"start":{"line":42,"column":0},"end":{"line":42,"column":0}},"42":{"start":{"line":43,"column":0},"end":{"line":43,"column":84}},"43":{"start":{"line":44,"column":0},"end":{"line":44,"column":0}},"44":{"start":{"line":45,"column":0},"end":{"line":45,"column":27}},"45":{"start":{"line":46,"column":0},"end":{"line":46,"column":40}},"46":{"start":{"line":47,"column":0},"end":{"line":47,"column":19}},"47":{"start":{"line":48,"column":0},"end":{"line":48,"column":23}},"48":{"start":{"line":49,"column":0},"end":{"line":49,"column":20}},"49":{"start":{"line":50,"column":0},"end":{"line":50,"column":5}},"50":{"start":{"line":51,"column":0},"end":{"line":51,"column":3}},"51":{"start":{"line":52,"column":0},"end":{"line":52,"column":0}},"52":{"start":{"line":53,"column":0},"end":{"line":53,"column":19}}},"s":{"0":1,"1":1,"2":1,"3":1,"4":1,"5":1,"6":1,"7":1,"8":1,"9":1,"10":1,"11":1,"12":1,"13":1,"14":1,"15":1,"16":1,"17":1,"18":1,"19":1,"20":1,"21":1,"22":1,"23":1,"24":1,"25":1,"26":1,"27":1,"28":1,"29":1,"30":1,"31":1,"32":1,"33":1,"34":6,"35":6,"36":6,"37":6,"38":5,"39":4,"40":3,"41":6,"42":6,"43":6,"44":6,"45":6,"46":6,"47":6,"48":6,"49":6,"50":1,"51":1,"52":1},"branchMap":{"0":{"type":"branch","line":34,"loc":{"start":{"line":34,"column":8},"end":{"line":51,"column":2}},"locations":[{"start":{"line":34,"column":8},"end":{"line":51,"column":2}}]},"1":{"type":"branch","line":35,"loc":{"start":{"line":35,"column":28},"end":{"line":35,"column":34}},"locations":[{"start":{"line":35,"column":28},"end":{"line":35,"column":34}}]},"2":{"type":"branch","line":38,"loc":{"start":{"line":38,"column":22},"end":{"line":38,"column":50}},"locations":[{"start":{"line":38,"column":22},"end":{"line":38,"column":50}}]},"3":{"type":"branch","line":39,"loc":{"start":{"line":39,"column":-1},"end":{"line":41,"column":53}},"locations":[{"start":{"line":39,"column":-1},"end":{"line":41,"column":53}}]},"4":{"type":"branch","line":39,"loc":{"start":{"line":39,"column":27},"end":{"line":39,"column":56}},"locations":[{"start":{"line":39,"column":27},"end":{"line":39,"column":56}}]},"5":{"type":"branch","line":40,"loc":{"start":{"line":40,"column":-1},"end":{"line":41,"column":53}},"locations":[{"start":{"line":40,"column":-1},"end":{"line":41,"column":53}}]},"6":{"type":"branch","line":40,"loc":{"start":{"line":40,"column":27},"end":{"line":40,"column":53}},"locations":[{"start":{"line":40,"column":27},"end":{"line":40,"column":53}}]},"7":{"type":"branch","line":41,"loc":{"start":{"line":41,"column":-1},"end":{"line":41,"column":53}},"locations":[{"start":{"line":41,"column":-1},"end":{"line":41,"column":53}}]},"8":{"type":"branch","line":41,"loc":{"start":{"line":41,"column":27},"end":{"line":41,"column":53}},"locations":[{"start":{"line":41,"column":27},"end":{"line":41,"column":53}}]},"9":{"type":"branch","line":43,"loc":{"start":{"line":43,"column":33},"end":{"line":43,"column":69}},"locations":[{"start":{"line":43,"column":33},"end":{"line":43,"column":69}}]},"10":{"type":"branch","line":43,"loc":{"start":{"line":43,"column":70},"end":{"line":43,"column":83}},"locations":[{"start":{"line":43,"column":70},"end":{"line":43,"column":83}}]}},"b":{"0":[6],"1":[1],"2":[1],"3":[5],"4":[1],"5":[4],"6":[1],"7":[3],"8":[2],"9":[1],"10":[5]},"fnMap":{},"f":{}}
,"/home/skyfall/Téléchargements/ict_304-main/src/controllers/accountController.js": {"path":"/home/skyfall/Téléchargements/ict_304-main/src/controllers/accountController.js","all":false,"statementMap":{"0":{"start":{"line":1,"column":0},"end":{"line":1,"column":63}},"1":{"start":{"line":2,"column":0},"end":{"line":2,"column":0}},"2":{"start":{"line":3,"column":0},"end":{"line":3,"column":56}},"3":{"start":{"line":4,"column":0},"end":{"line":4,"column":7}},"4":{"start":{"line":5,"column":0},"end":{"line":5,"column":65}},"5":{"start":{"line":6,"column":0},"end":{"line":6,"column":34}},"6":{"start":{"line":7,"column":0},"end":{"line":7,"column":17}},"7":{"start":{"line":8,"column":0},"end":{"line":8,"column":14}},"8":{"start":{"line":9,"column":0},"end":{"line":9,"column":3}},"9":{"start":{"line":10,"column":0},"end":{"line":10,"column":2}},"10":{"start":{"line":11,"column":0},"end":{"line":11,"column":0}},"11":{"start":{"line":12,"column":0},"end":{"line":12,"column":57}},"12":{"start":{"line":13,"column":0},"end":{"line":13,"column":7}},"13":{"start":{"line":14,"column":0},"end":{"line":14,"column":59}},"14":{"start":{"line":15,"column":0},"end":{"line":15,"column":35}},"15":{"start":{"line":16,"column":0},"end":{"line":16,"column":17}},"16":{"start":{"line":17,"column":0},"end":{"line":17,"column":14}},"17":{"start":{"line":18,"column":0},"end":{"line":18,"column":3}},"18":{"start":{"line":19,"column":0},"end":{"line":19,"column":2}},"19":{"start":{"line":20,"column":0},"end":{"line":20,"column":0}},"20":{"start":{"line":21,"column":0},"end":{"line":21,"column":57}},"21":{"start":{"line":22,"column":0},"end":{"line":22,"column":7}},"22":{"start":{"line":23,"column":0},"end":{"line":23,"column":71}},"23":{"start":{"line":24,"column":0},"end":{"line":24,"column":34}},"24":{"start":{"line":25,"column":0},"end":{"line":25,"column":17}},"25":{"start":{"line":26,"column":0},"end":{"line":26,"column":14}},"26":{"start":{"line":27,"column":0},"end":{"line":27,"column":3}},"27":{"start":{"line":28,"column":0},"end":{"line":28,"column":2}},"28":{"start":{"line":29,"column":0},"end":{"line":29,"column":0}},"29":{"start":{"line":30,"column":0},"end":{"line":30,"column":50}},"30":{"start":{"line":31,"column":0},"end":{"line":31,"column":7}},"31":{"start":{"line":32,"column":0},"end":{"line":32,"column":43}},"32":{"start":{"line":33,"column":0},"end":{"line":33,"column":41}},"33":{"start":{"line":34,"column":0},"end":{"line":34,"column":17}},"34":{"start":{"line":35,"column":0},"end":{"line":35,"column":14}},"35":{"start":{"line":36,"column":0},"end":{"line":36,"column":3}},"36":{"start":{"line":37,"column":0},"end":{"line":37,"column":2}},"37":{"start":{"line":38,"column":0},"end":{"line":38,"column":0}},"38":{"start":{"line":39,"column":0},"end":{"line":39,"column":51}},"39":{"start":{"line":40,"column":0},"end":{"line":40,"column":7}},"40":{"start":{"line":41,"column":0},"end":{"line":41,"column":44}},"41":{"start":{"line":42,"column":0},"end":{"line":42,"column":43}},"42":{"start":{"line":43,"column":0},"end":{"line":43,"column":17}},"43":{"start":{"line":44,"column":0},"end":{"line":44,"column":14}},"44":{"start":{"line":45,"column":0},"end":{"line":45,"column":3}},"45":{"start":{"line":46,"column":0},"end":{"line":46,"column":2}},"46":{"start":{"line":47,"column":0},"end":{"line":47,"column":0}},"47":{"start":{"line":48,"column":0},"end":{"line":48,"column":51}},"48":{"start":{"line":49,"column":0},"end":{"line":49,"column":7}},"49":{"start":{"line":50,"column":0},"end":{"line":50,"column":44}},"50":{"start":{"line":51,"column":0},"end":{"line":51,"column":44}},"51":{"start":{"line":52,"column":0},"end":{"line":52,"column":17}},"52":{"start":{"line":53,"column":0},"end":{"line":53,"column":14}},"53":{"start":{"line":54,"column":0},"end":{"line":54,"column":3}},"54":{"start":{"line":55,"column":0},"end":{"line":55,"column":2}}},"s":{"0":1,"1":1,"2":1,"3":9,"4":9,"5":8,"6":9,"7":1,"8":1,"9":9,"10":1,"11":1,"12":2,"13":2,"14":1,"15":1,"16":1,"17":1,"18":2,"19":1,"20":1,"21":7,"22":7,"23":5,"24":7,"25":2,"26":2,"27":7,"28":1,"29":1,"30":3,"31":3,"32":2,"33":3,"34":1,"35":1,"36":3,"37":1,"38":1,"39":2,"40":2,"41":1,"42":1,"43":1,"44":1,"45":2,"46":1,"47":1,"48":2,"49":2,"50":1,"51":1,"52":1,"53":1,"54":2},"branchMap":{"0":{"type":"branch","line":3,"loc":{"start":{"line":3,"column":29},"end":{"line":10,"column":2}},"locations":[{"start":{"line":3,"column":29},"end":{"line":10,"column":2}}]},"1":{"type":"branch","line":5,"loc":{"start":{"line":5,"column":64},"end":{"line":7,"column":4}},"locations":[{"start":{"line":5,"column":64},"end":{"line":7,"column":4}}]},"2":{"type":"branch","line":7,"loc":{"start":{"line":7,"column":4},"end":{"line":9,"column":3}},"locations":[{"start":{"line":7,"column":4},"end":{"line":9,"column":3}}]},"3":{"type":"branch","line":12,"loc":{"start":{"line":12,"column":30},"end":{"line":19,"column":2}},"locations":[{"start":{"line":12,"column":30},"end":{"line":19,"column":2}}]},"4":{"type":"branch","line":14,"loc":{"start":{"line":14,"column":58},"end":{"line":18,"column":3}},"locations":[{"start":{"line":14,"column":58},"end":{"line":18,"column":3}}]},"5":{"type":"branch","line":21,"loc":{"start":{"line":21,"column":30},"end":{"line":28,"column":2}},"locations":[{"start":{"line":21,"column":30},"end":{"line":28,"column":2}}]},"6":{"type":"branch","line":23,"loc":{"start":{"line":23,"column":70},"end":{"line":25,"column":4}},"locations":[{"start":{"line":23,"column":70},"end":{"line":25,"column":4}}]},"7":{"type":"branch","line":25,"loc":{"start":{"line":25,"column":4},"end":{"line":27,"column":3}},"locations":[{"start":{"line":25,"column":4},"end":{"line":27,"column":3}}]},"8":{"type":"branch","line":30,"loc":{"start":{"line":30,"column":23},"end":{"line":37,"column":2}},"locations":[{"start":{"line":30,"column":23},"end":{"line":37,"column":2}}]},"9":{"type":"branch","line":32,"loc":{"start":{"line":32,"column":42},"end":{"line":34,"column":4}},"locations":[{"start":{"line":32,"column":42},"end":{"line":34,"column":4}}]},"10":{"type":"branch","line":34,"loc":{"start":{"line":34,"column":4},"end":{"line":36,"column":3}},"locations":[{"start":{"line":34,"column":4},"end":{"line":36,"column":3}}]},"11":{"type":"branch","line":39,"loc":{"start":{"line":39,"column":24},"end":{"line":46,"column":2}},"locations":[{"start":{"line":39,"column":24},"end":{"line":46,"column":2}}]},"12":{"type":"branch","line":41,"loc":{"start":{"line":41,"column":43},"end":{"line":45,"column":3}},"locations":[{"start":{"line":41,"column":43},"end":{"line":45,"column":3}}]},"13":{"type":"branch","line":48,"loc":{"start":{"line":48,"column":24},"end":{"line":55,"column":2}},"locations":[{"start":{"line":48,"column":24},"end":{"line":55,"column":2}}]},"14":{"type":"branch","line":50,"loc":{"start":{"line":50,"column":43},"end":{"line":54,"column":3}},"locations":[{"start":{"line":50,"column":43},"end":{"line":54,"column":3}}]}},"b":{"0":[9],"1":[8],"2":[1],"3":[2],"4":[1],"5":[7],"6":[5],"7":[2],"8":[3],"9":[2],"10":[1],"11":[2],"12":[1],"13":[2],"14":[1]},"fnMap":{"0":{"name":"createAccount","decl":{"start":{"line":3,"column":29},"end":{"line":10,"column":2}},"loc":{"start":{"line":3,"column":29},"end":{"line":10,"column":2}},"line":3},"1":{"name":"getAllAccounts","decl":{"start":{"line":12,"column":30},"end":{"line":19,"column":2}},"loc":{"start":{"line":12,"column":30},"end":{"line":19,"column":2}},"line":12},"2":{"name":"getAccountById","decl":{"start":{"line":21,"column":30},"end":{"line":28,"column":2}},"loc":{"start":{"line":21,"column":30},"end":{"line":28,"column":2}},"line":21},"3":{"name":"deposit","decl":{"start":{"line":30,"column":23},"end":{"line":37,"column":2}},"loc":{"start":{"line":30,"column":23},"end":{"line":37,"column":2}},"line":30},"4":{"name":"withdraw","decl":{"start":{"line":39,"column":24},"end":{"line":46,"column":2}},"loc":{"start":{"line":39,"column":24},"end":{"line":46,"column":2}},"line":39},"5":{"name":"transfer","decl":{"start":{"line":48,"column":24},"end":{"line":55,"column":2}},"loc":{"start":{"line":48,"column":24},"end":{"line":55,"column":2}},"line":48}},"f":{"0":9,"1":2,"2":7,"3":3,"4":2,"5":2}}
,"/home/skyfall/Téléchargements/ict_304-main/src/controllers/authController.js": {"path":"/home/skyfall/Téléchargements/ict_304-main/src/controllers/authController.js","all":false,"statementMap":{"0":{"start":{"line":1,"column":0},"end":{"line":1,"column":30}},"1":{"start":{"line":2,"column":0},"end":{"line":2,"column":37}},"2":{"start":{"line":3,"column":0},"end":{"line":3,"column":0}},"3":{"start":{"line":4,"column":0},"end":{"line":4,"column":51}},"4":{"start":{"line":5,"column":0},"end":{"line":5,"column":7}},"5":{"start":{"line":6,"column":0},"end":{"line":6,"column":57}},"6":{"start":{"line":7,"column":0},"end":{"line":7,"column":0}},"7":{"start":{"line":8,"column":0},"end":{"line":8,"column":30}},"8":{"start":{"line":9,"column":0},"end":{"line":9,"column":90}},"9":{"start":{"line":10,"column":0},"end":{"line":10,"column":5}},"10":{"start":{"line":11,"column":0},"end":{"line":11,"column":0}},"11":{"start":{"line":12,"column":0},"end":{"line":12,"column":27}},"12":{"start":{"line":13,"column":0},"end":{"line":13,"column":66}},"13":{"start":{"line":14,"column":0},"end":{"line":14,"column":23}},"14":{"start":{"line":15,"column":0},"end":{"line":15,"column":78}},"15":{"start":{"line":16,"column":0},"end":{"line":16,"column":5}},"16":{"start":{"line":17,"column":0},"end":{"line":17,"column":0}},"17":{"start":{"line":18,"column":0},"end":{"line":18,"column":20}},"18":{"start":{"line":19,"column":0},"end":{"line":19,"column":42}},"19":{"start":{"line":20,"column":0},"end":{"line":20,"column":61}},"20":{"start":{"line":21,"column":0},"end":{"line":21,"column":0}},"21":{"start":{"line":22,"column":0},"end":{"line":22,"column":18}},"22":{"start":{"line":23,"column":0},"end":{"line":23,"column":39}},"23":{"start":{"line":24,"column":0},"end":{"line":24,"column":95}},"24":{"start":{"line":25,"column":0},"end":{"line":25,"column":12}},"25":{"start":{"line":26,"column":0},"end":{"line":26,"column":31}},"26":{"start":{"line":27,"column":0},"end":{"line":27,"column":66}},"27":{"start":{"line":28,"column":0},"end":{"line":28,"column":7}},"28":{"start":{"line":29,"column":0},"end":{"line":29,"column":0}},"29":{"start":{"line":30,"column":0},"end":{"line":30,"column":26}},"30":{"start":{"line":31,"column":0},"end":{"line":31,"column":37}},"31":{"start":{"line":32,"column":0},"end":{"line":32,"column":13}},"32":{"start":{"line":33,"column":0},"end":{"line":33,"column":23}},"33":{"start":{"line":34,"column":0},"end":{"line":34,"column":35}},"34":{"start":{"line":35,"column":0},"end":{"line":35,"column":29}},"35":{"start":{"line":36,"column":0},"end":{"line":36,"column":26}},"36":{"start":{"line":37,"column":0},"end":{"line":37,"column":7}},"37":{"start":{"line":38,"column":0},"end":{"line":38,"column":7}},"38":{"start":{"line":39,"column":0},"end":{"line":39,"column":19}},"39":{"start":{"line":40,"column":0},"end":{"line":40,"column":16}},"40":{"start":{"line":41,"column":0},"end":{"line":41,"column":3}},"41":{"start":{"line":42,"column":0},"end":{"line":42,"column":2}},"42":{"start":{"line":43,"column":0},"end":{"line":43,"column":0}},"43":{"start":{"line":44,"column":0},"end":{"line":44,"column":48}},"44":{"start":{"line":45,"column":0},"end":{"line":45,"column":7}},"45":{"start":{"line":46,"column":0},"end":{"line":46,"column":41}},"46":{"start":{"line":47,"column":0},"end":{"line":47,"column":0}},"47":{"start":{"line":48,"column":0},"end":{"line":48,"column":30}},"48":{"start":{"line":49,"column":0},"end":{"line":49,"column":90}},"49":{"start":{"line":50,"column":0},"end":{"line":50,"column":5}},"50":{"start":{"line":51,"column":0},"end":{"line":51,"column":0}},"51":{"start":{"line":52,"column":0},"end":{"line":52,"column":17}},"52":{"start":{"line":53,"column":0},"end":{"line":53,"column":58}},"53":{"start":{"line":54,"column":0},"end":{"line":54,"column":16}},"54":{"start":{"line":55,"column":0},"end":{"line":55,"column":74}},"55":{"start":{"line":56,"column":0},"end":{"line":56,"column":5}},"56":{"start":{"line":57,"column":0},"end":{"line":57,"column":0}},"57":{"start":{"line":58,"column":0},"end":{"line":58,"column":21}},"58":{"start":{"line":59,"column":0},"end":{"line":59,"column":66}},"59":{"start":{"line":60,"column":0},"end":{"line":60,"column":19}},"60":{"start":{"line":61,"column":0},"end":{"line":61,"column":74}},"61":{"start":{"line":62,"column":0},"end":{"line":62,"column":5}},"62":{"start":{"line":63,"column":0},"end":{"line":63,"column":0}},"63":{"start":{"line":64,"column":0},"end":{"line":64,"column":26}},"64":{"start":{"line":65,"column":0},"end":{"line":65,"column":35}},"65":{"start":{"line":66,"column":0},"end":{"line":66,"column":13}},"66":{"start":{"line":67,"column":0},"end":{"line":67,"column":20}},"67":{"start":{"line":68,"column":0},"end":{"line":68,"column":32}},"68":{"start":{"line":69,"column":0},"end":{"line":69,"column":26}},"69":{"start":{"line":70,"column":0},"end":{"line":70,"column":23}},"70":{"start":{"line":71,"column":0},"end":{"line":71,"column":7}},"71":{"start":{"line":72,"column":0},"end":{"line":72,"column":7}},"72":{"start":{"line":73,"column":0},"end":{"line":73,"column":19}},"73":{"start":{"line":74,"column":0},"end":{"line":74,"column":16}},"74":{"start":{"line":75,"column":0},"end":{"line":75,"column":3}},"75":{"start":{"line":76,"column":0},"end":{"line":76,"column":2}},"76":{"start":{"line":77,"column":0},"end":{"line":77,"column":0}},"77":{"start":{"line":78,"column":0},"end":{"line":78,"column":56}},"78":{"start":{"line":79,"column":0},"end":{"line":79,"column":7}},"79":{"start":{"line":80,"column":0},"end":{"line":80,"column":42}},"80":{"start":{"line":81,"column":0},"end":{"line":81,"column":4}},"81":{"start":{"line":82,"column":0},"end":{"line":82,"column":31}},"82":{"start":{"line":83,"column":0},"end":{"line":83,"column":104}},"83":{"start":{"line":84,"column":0},"end":{"line":84,"column":5}},"84":{"start":{"line":85,"column":0},"end":{"line":85,"column":0}},"85":{"start":{"line":86,"column":0},"end":{"line":86,"column":45}},"86":{"start":{"line":87,"column":0},"end":{"line":87,"column":16}},"87":{"start":{"line":88,"column":0},"end":{"line":88,"column":74}},"88":{"start":{"line":89,"column":0},"end":{"line":89,"column":5}},"89":{"start":{"line":90,"column":0},"end":{"line":90,"column":0}},"90":{"start":{"line":91,"column":0},"end":{"line":91,"column":29}},"91":{"start":{"line":92,"column":0},"end":{"line":92,"column":22}},"92":{"start":{"line":93,"column":0},"end":{"line":93,"column":0}},"93":{"start":{"line":94,"column":0},"end":{"line":94,"column":26}},"94":{"start":{"line":95,"column":0},"end":{"line":95,"column":35}},"95":{"start":{"line":96,"column":0},"end":{"line":96,"column":13}},"96":{"start":{"line":97,"column":0},"end":{"line":97,"column":20}},"97":{"start":{"line":98,"column":0},"end":{"line":98,"column":32}},"98":{"start":{"line":99,"column":0},"end":{"line":99,"column":26}},"99":{"start":{"line":100,"column":0},"end":{"line":100,"column":23}},"100":{"start":{"line":101,"column":0},"end":{"line":101,"column":7}},"101":{"start":{"line":102,"column":0},"end":{"line":102,"column":7}},"102":{"start":{"line":103,"column":0},"end":{"line":103,"column":19}},"103":{"start":{"line":104,"column":0},"end":{"line":104,"column":16}},"104":{"start":{"line":105,"column":0},"end":{"line":105,"column":3}},"105":{"start":{"line":106,"column":0},"end":{"line":106,"column":2}}},"s":{"0":1,"1":1,"2":1,"3":1,"4":4,"5":4,"6":4,"7":4,"8":1,"9":1,"10":3,"11":3,"12":3,"13":4,"14":1,"15":1,"16":1,"17":1,"18":1,"19":1,"20":1,"21":1,"22":1,"23":4,"24":4,"25":4,"26":4,"27":4,"28":1,"29":1,"30":1,"31":1,"32":1,"33":1,"34":1,"35":1,"36":1,"37":1,"38":1,"39":1,"40":1,"41":4,"42":1,"43":1,"44":5,"45":5,"46":5,"47":5,"48":1,"49":1,"50":4,"51":4,"52":4,"53":5,"54":1,"55":1,"56":2,"57":2,"58":2,"59":5,"60":1,"61":1,"62":1,"63":1,"64":1,"65":1,"66":1,"67":1,"68":1,"69":1,"70":1,"71":1,"72":1,"73":1,"74":1,"75":5,"76":1,"77":1,"78":4,"79":4,"80":4,"81":4,"82":1,"83":1,"84":3,"85":3,"86":4,"87":1,"88":1,"89":1,"90":1,"91":1,"92":1,"93":1,"94":1,"95":1,"96":1,"97":1,"98":1,"99":1,"100":1,"101":1,"102":1,"103":1,"104":1,"105":4},"branchMap":{"0":{"type":"branch","line":4,"loc":{"start":{"line":4,"column":24},"end":{"line":42,"column":2}},"locations":[{"start":{"line":4,"column":24},"end":{"line":42,"column":2}}]},"1":{"type":"branch","line":8,"loc":{"start":{"line":8,"column":29},"end":{"line":10,"column":5}},"locations":[{"start":{"line":8,"column":29},"end":{"line":10,"column":5}}]},"2":{"type":"branch","line":10,"loc":{"start":{"line":10,"column":4},"end":{"line":13,"column":66}},"locations":[{"start":{"line":10,"column":4},"end":{"line":13,"column":66}}]},"3":{"type":"branch","line":13,"loc":{"start":{"line":13,"column":65},"end":{"line":14,"column":22}},"locations":[{"start":{"line":13,"column":65},"end":{"line":14,"column":22}}]},"4":{"type":"branch","line":14,"loc":{"start":{"line":14,"column":22},"end":{"line":24,"column":25}},"locations":[{"start":{"line":14,"column":22},"end":{"line":24,"column":25}}]},"5":{"type":"branch","line":24,"loc":{"start":{"line":24,"column":25},"end":{"line":24,"column":47}},"locations":[{"start":{"line":24,"column":25},"end":{"line":24,"column":47}}]},"6":{"type":"branch","line":27,"loc":{"start":{"line":27,"column":17},"end":{"line":27,"column":28}},"locations":[{"start":{"line":27,"column":17},"end":{"line":27,"column":28}}]},"7":{"type":"branch","line":28,"loc":{"start":{"line":28,"column":6},"end":{"line":41,"column":3}},"locations":[{"start":{"line":28,"column":6},"end":{"line":41,"column":3}}]},"8":{"type":"branch","line":44,"loc":{"start":{"line":44,"column":21},"end":{"line":76,"column":2}},"locations":[{"start":{"line":44,"column":21},"end":{"line":76,"column":2}}]},"9":{"type":"branch","line":48,"loc":{"start":{"line":48,"column":29},"end":{"line":50,"column":5}},"locations":[{"start":{"line":48,"column":29},"end":{"line":50,"column":5}}]},"10":{"type":"branch","line":50,"loc":{"start":{"line":50,"column":4},"end":{"line":53,"column":58}},"locations":[{"start":{"line":50,"column":4},"end":{"line":53,"column":58}}]},"11":{"type":"branch","line":53,"loc":{"start":{"line":53,"column":57},"end":{"line":54,"column":15}},"locations":[{"start":{"line":53,"column":57},"end":{"line":54,"column":15}}]},"12":{"type":"branch","line":54,"loc":{"start":{"line":54,"column":15},"end":{"line":56,"column":5}},"locations":[{"start":{"line":54,"column":15},"end":{"line":56,"column":5}}]},"13":{"type":"branch","line":56,"loc":{"start":{"line":56,"column":4},"end":{"line":60,"column":18}},"locations":[{"start":{"line":56,"column":4},"end":{"line":60,"column":18}}]},"14":{"type":"branch","line":60,"loc":{"start":{"line":60,"column":18},"end":{"line":75,"column":3}},"locations":[{"start":{"line":60,"column":18},"end":{"line":75,"column":3}}]},"15":{"type":"branch","line":78,"loc":{"start":{"line":78,"column":29},"end":{"line":106,"column":2}},"locations":[{"start":{"line":78,"column":29},"end":{"line":106,"column":2}}]},"16":{"type":"branch","line":82,"loc":{"start":{"line":82,"column":30},"end":{"line":84,"column":5}},"locations":[{"start":{"line":82,"column":30},"end":{"line":84,"column":5}}]},"17":{"type":"branch","line":84,"loc":{"start":{"line":84,"column":4},"end":{"line":86,"column":45}},"locations":[{"start":{"line":84,"column":4},"end":{"line":86,"column":45}}]},"18":{"type":"branch","line":86,"loc":{"start":{"line":86,"column":44},"end":{"line":87,"column":15}},"locations":[{"start":{"line":86,"column":44},"end":{"line":87,"column":15}}]},"19":{"type":"branch","line":87,"loc":{"start":{"line":87,"column":15},"end":{"line":105,"column":3}},"locations":[{"start":{"line":87,"column":15},"end":{"line":105,"column":3}}]}},"b":{"0":[4],"1":[1],"2":[3],"3":[2],"4":[1],"5":[0],"6":[1],"7":[1],"8":[5],"9":[1],"10":[4],"11":[3],"12":[1],"13":[2],"14":[1],"15":[4],"16":[1],"17":[3],"18":[2],"19":[1]},"fnMap":{"0":{"name":"register","decl":{"start":{"line":4,"column":24},"end":{"line":42,"column":2}},"loc":{"start":{"line":4,"column":24},"end":{"line":42,"column":2}},"line":4},"1":{"name":"login","decl":{"start":{"line":44,"column":21},"end":{"line":76,"column":2}},"loc":{"start":{"line":44,"column":21},"end":{"line":76,"column":2}},"line":44},"2":{"name":"updateProfile","decl":{"start":{"line":78,"column":29},"end":{"line":106,"column":2}},"loc":{"start":{"line":78,"column":29},"end":{"line":106,"column":2}},"line":78}},"f":{"0":4,"1":5,"2":4}}
,"/home/skyfall/Téléchargements/ict_304-main/src/controllers/transactionController.js": {"path":"/home/skyfall/Téléchargements/ict_304-main/src/controllers/transactionController.js","all":false,"statementMap":{"0":{"start":{"line":1,"column":0},"end":{"line":1,"column":71}},"1":{"start":{"line":2,"column":0},"end":{"line":2,"column":0}},"2":{"start":{"line":3,"column":0},"end":{"line":3,"column":60}},"3":{"start":{"line":4,"column":0},"end":{"line":4,"column":7}},"4":{"start":{"line":5,"column":0},"end":{"line":5,"column":85}},"5":{"start":{"line":6,"column":0},"end":{"line":6,"column":34}},"6":{"start":{"line":7,"column":0},"end":{"line":7,"column":17}},"7":{"start":{"line":8,"column":0},"end":{"line":8,"column":14}},"8":{"start":{"line":9,"column":0},"end":{"line":9,"column":3}},"9":{"start":{"line":10,"column":0},"end":{"line":10,"column":2}},"10":{"start":{"line":11,"column":0},"end":{"line":11,"column":56}},"11":{"start":{"line":12,"column":0},"end":{"line":12,"column":7}},"12":{"start":{"line":13,"column":0},"end":{"line":13,"column":61}},"13":{"start":{"line":14,"column":0},"end":{"line":14,"column":34}},"14":{"start":{"line":15,"column":0},"end":{"line":15,"column":17}},"15":{"start":{"line":16,"column":0},"end":{"line":16,"column":14}},"16":{"start":{"line":17,"column":0},"end":{"line":17,"column":3}},"17":{"start":{"line":18,"column":0},"end":{"line":18,"column":2}}},"s":{"0":1,"1":1,"2":1,"3":3,"4":3,"5":2,"6":2,"7":1,"8":1,"9":3,"10":1,"11":2,"12":2,"13":1,"14":1,"15":1,"16":1,"17":2},"branchMap":{"0":{"type":"branch","line":3,"loc":{"start":{"line":3,"column":33},"end":{"line":10,"column":2}},"locations":[{"start":{"line":3,"column":33},"end":{"line":10,"column":2}}]},"1":{"type":"branch","line":5,"loc":{"start":{"line":5,"column":84},"end":{"line":9,"column":3}},"locations":[{"start":{"line":5,"column":84},"end":{"line":9,"column":3}}]},"2":{"type":"branch","line":7,"loc":{"start":{"line":7,"column":4},"end":{"line":9,"column":3}},"locations":[{"start":{"line":7,"column":4},"end":{"line":9,"column":3}}]},"3":{"type":"branch","line":11,"loc":{"start":{"line":11,"column":29},"end":{"line":18,"column":2}},"locations":[{"start":{"line":11,"column":29},"end":{"line":18,"column":2}}]},"4":{"type":"branch","line":13,"loc":{"start":{"line":13,"column":60},"end":{"line":17,"column":3}},"locations":[{"start":{"line":13,"column":60},"end":{"line":17,"column":3}}]}},"b":{"0":[3],"1":[2],"2":[1],"3":[2],"4":[1]},"fnMap":{"0":{"name":"getAccountHistory","decl":{"start":{"line":3,"column":33},"end":{"line":10,"column":2}},"loc":{"start":{"line":3,"column":33},"end":{"line":10,"column":2}},"line":3},"1":{"name":"getAllHistory","decl":{"start":{"line":11,"column":29},"end":{"line":18,"column":2}},"loc":{"start":{"line":11,"column":29},"end":{"line":18,"column":2}},"line":11}},"f":{"0":3,"1":2}}
,"/home/skyfall/Téléchargements/ict_304-main/src/models/Account.js": {"path":"/home/skyfall/Téléchargements/ict_304-main/src/models/Account.js","all":false,"statementMap":{"0":{"start":{"line":1,"column":0},"end":{"line":1,"column":38}},"1":{"start":{"line":2,"column":0},"end":{"line":2,"column":46}},"2":{"start":{"line":3,"column":0},"end":{"line":3,"column":0}},"3":{"start":{"line":4,"column":0},"end":{"line":4,"column":45}},"4":{"start":{"line":5,"column":0},"end":{"line":5,"column":7}},"5":{"start":{"line":6,"column":0},"end":{"line":6,"column":28}},"6":{"start":{"line":7,"column":0},"end":{"line":7,"column":24}},"7":{"start":{"line":8,"column":0},"end":{"line":8,"column":20}},"8":{"start":{"line":9,"column":0},"end":{"line":9,"column":4}},"9":{"start":{"line":10,"column":0},"end":{"line":10,"column":9}},"10":{"start":{"line":11,"column":0},"end":{"line":11,"column":32}},"11":{"start":{"line":12,"column":0},"end":{"line":12,"column":20}},"12":{"start":{"line":13,"column":0},"end":{"line":13,"column":4}},"13":{"start":{"line":14,"column":0},"end":{"line":14,"column":13}},"14":{"start":{"line":15,"column":0},"end":{"line":15,"column":31}},"15":{"start":{"line":16,"column":0},"end":{"line":16,"column":21}},"16":{"start":{"line":17,"column":0},"end":{"line":17,"column":23}},"17":{"start":{"line":18,"column":0},"end":{"line":18,"column":4}},"18":{"start":{"line":19,"column":0},"end":{"line":19,"column":10}},"19":{"start":{"line":20,"column":0},"end":{"line":20,"column":35}},"20":{"start":{"line":21,"column":0},"end":{"line":21,"column":21}},"21":{"start":{"line":22,"column":0},"end":{"line":22,"column":22}},"22":{"start":{"line":23,"column":0},"end":{"line":23,"column":11}},"23":{"start":{"line":24,"column":0},"end":{"line":24,"column":50}},"24":{"start":{"line":25,"column":0},"end":{"line":25,"column":45}},"25":{"start":{"line":26,"column":0},"end":{"line":26,"column":5}},"26":{"start":{"line":27,"column":0},"end":{"line":27,"column":4}},"27":{"start":{"line":28,"column":0},"end":{"line":28,"column":17}},"28":{"start":{"line":29,"column":0},"end":{"line":29,"column":35}},"29":{"start":{"line":30,"column":0},"end":{"line":30,"column":21}},"30":{"start":{"line":31,"column":0},"end":{"line":31,"column":22}},"31":{"start":{"line":32,"column":0},"end":{"line":32,"column":11}},"32":{"start":{"line":33,"column":0},"end":{"line":33,"column":57}},"33":{"start":{"line":34,"column":0},"end":{"line":34,"column":45}},"34":{"start":{"line":35,"column":0},"end":{"line":35,"column":5}},"35":{"start":{"line":36,"column":0},"end":{"line":36,"column":3}},"36":{"start":{"line":37,"column":0},"end":{"line":37,"column":4}},"37":{"start":{"line":38,"column":0},"end":{"line":38,"column":24}},"38":{"start":{"line":39,"column":0},"end":{"line":39,"column":19}},"39":{"start":{"line":40,"column":0},"end":{"line":40,"column":25}},"40":{"start":{"line":41,"column":0},"end":{"line":41,"column":24}},"41":{"start":{"line":42,"column":0},"end":{"line":42,"column":3}},"42":{"start":{"line":43,"column":0},"end":{"line":43,"column":0}},"43":{"start":{"line":44,"column":0},"end":{"line":44,"column":23}}},"s":{"0":1,"1":1,"2":1,"3":1,"4":1,"5":1,"6":1,"7":1,"8":1,"9":1,"10":1,"11":1,"12":1,"13":1,"14":1,"15":1,"16":1,"17":1,"18":1,"19":1,"20":1,"21":1,"22":1,"23":53,"24":53,"25":53,"26":1,"27":1,"28":1,"29":1,"30":1,"31":1,"32":14,"33":14,"34":14,"35":1,"36":1,"37":1,"38":1,"39":1,"40":1,"41":1,"42":1,"43":1},"branchMap":{"0":{"type":"branch","line":23,"loc":{"start":{"line":23,"column":4},"end":{"line":26,"column":5}},"locations":[{"start":{"line":23,"column":4},"end":{"line":26,"column":5}}]},"1":{"type":"branch","line":25,"loc":{"start":{"line":25,"column":41},"end":{"line":25,"column":44}},"locations":[{"start":{"line":25,"column":41},"end":{"line":25,"column":44}}]},"2":{"type":"branch","line":32,"loc":{"start":{"line":32,"column":4},"end":{"line":35,"column":5}},"locations":[{"start":{"line":32,"column":4},"end":{"line":35,"column":5}}]},"3":{"type":"branch","line":34,"loc":{"start":{"line":34,"column":41},"end":{"line":34,"column":44}},"locations":[{"start":{"line":34,"column":41},"end":{"line":34,"column":44}}]}},"b":{"0":[53],"1":[0],"2":[14],"3":[0]},"fnMap":{"0":{"name":"get","decl":{"start":{"line":23,"column":4},"end":{"line":26,"column":5}},"loc":{"start":{"line":23,"column":4},"end":{"line":26,"column":5}},"line":23},"1":{"name":"get","decl":{"start":{"line":32,"column":4},"end":{"line":35,"column":5}},"loc":{"start":{"line":32,"column":4},"end":{"line":35,"column":5}},"line":32}},"f":{"0":53,"1":14}}
,"/home/skyfall/Téléchargements/ict_304-main/src/models/Transaction.js": {"path":"/home/skyfall/Téléchargements/ict_304-main/src/models/Transaction.js","all":false,"statementMap":{"0":{"start":{"line":1,"column":0},"end":{"line":1,"column":38}},"1":{"start":{"line":2,"column":0},"end":{"line":2,"column":46}},"2":{"start":{"line":3,"column":0},"end":{"line":3,"column":35}},"3":{"start":{"line":4,"column":0},"end":{"line":4,"column":0}},"4":{"start":{"line":5,"column":0},"end":{"line":5,"column":53}},"5":{"start":{"line":6,"column":0},"end":{"line":6,"column":7}},"6":{"start":{"line":7,"column":0},"end":{"line":7,"column":28}},"7":{"start":{"line":8,"column":0},"end":{"line":8,"column":24}},"8":{"start":{"line":9,"column":0},"end":{"line":9,"column":20}},"9":{"start":{"line":10,"column":0},"end":{"line":10,"column":4}},"10":{"start":{"line":11,"column":0},"end":{"line":11,"column":9}},"11":{"start":{"line":12,"column":0},"end":{"line":12,"column":62}},"12":{"start":{"line":13,"column":0},"end":{"line":13,"column":20}},"13":{"start":{"line":14,"column":0},"end":{"line":14,"column":4}},"14":{"start":{"line":15,"column":0},"end":{"line":15,"column":11}},"15":{"start":{"line":16,"column":0},"end":{"line":16,"column":35}},"16":{"start":{"line":17,"column":0},"end":{"line":17,"column":21}},"17":{"start":{"line":18,"column":0},"end":{"line":18,"column":11}},"18":{"start":{"line":19,"column":0},"end":{"line":19,"column":51}},"19":{"start":{"line":20,"column":0},"end":{"line":20,"column":45}},"20":{"start":{"line":21,"column":0},"end":{"line":21,"column":5}},"21":{"start":{"line":22,"column":0},"end":{"line":22,"column":4}},"22":{"start":{"line":23,"column":0},"end":{"line":23,"column":14}},"23":{"start":{"line":24,"column":0},"end":{"line":24,"column":25}},"24":{"start":{"line":25,"column":0},"end":{"line":25,"column":21}},"25":{"start":{"line":26,"column":0},"end":{"line":26,"column":31}},"26":{"start":{"line":27,"column":0},"end":{"line":27,"column":4}},"27":{"start":{"line":28,"column":0},"end":{"line":28,"column":16}},"28":{"start":{"line":29,"column":0},"end":{"line":29,"column":27}},"29":{"start":{"line":30,"column":0},"end":{"line":30,"column":19}},"30":{"start":{"line":31,"column":0},"end":{"line":31,"column":3}},"31":{"start":{"line":32,"column":0},"end":{"line":32,"column":4}},"32":{"start":{"line":33,"column":0},"end":{"line":33,"column":28}},"33":{"start":{"line":34,"column":0},"end":{"line":34,"column":19}},"34":{"start":{"line":35,"column":0},"end":{"line":35,"column":3}},"35":{"start":{"line":36,"column":0},"end":{"line":36,"column":0}},"36":{"start":{"line":37,"column":0},"end":{"line":37,"column":15}},"37":{"start":{"line":38,"column":0},"end":{"line":38,"column":87}},"38":{"start":{"line":39,"column":0},"end":{"line":39,"column":97}},"39":{"start":{"line":40,"column":0},"end":{"line":40,"column":0}},"40":{"start":{"line":41,"column":0},"end":{"line":41,"column":27}}},"s":{"0":1,"1":1,"2":1,"3":1,"4":1,"5":1,"6":1,"7":1,"8":1,"9":1,"10":1,"11":1,"12":1,"13":1,"14":1,"15":1,"16":1,"17":1,"18":5,"19":5,"20":5,"21":1,"22":1,"23":1,"24":1,"25":1,"26":1,"27":1,"28":1,"29":1,"30":1,"31":1,"32":1,"33":1,"34":1,"35":1,"36":1,"37":1,"38":1,"39":1,"40":1},"branchMap":{"0":{"type":"branch","line":18,"loc":{"start":{"line":18,"column":4},"end":{"line":21,"column":5}},"locations":[{"start":{"line":18,"column":4},"end":{"line":21,"column":5}}]},"1":{"type":"branch","line":20,"loc":{"start":{"line":20,"column":41},"end":{"line":20,"column":44}},"locations":[{"start":{"line":20,"column":41},"end":{"line":20,"column":44}}]}},"b":{"0":[5],"1":[0]},"fnMap":{"0":{"name":"get","decl":{"start":{"line":18,"column":4},"end":{"line":21,"column":5}},"loc":{"start":{"line":18,"column":4},"end":{"line":21,"column":5}},"line":18}},"f":{"0":5}}
,"/home/skyfall/Téléchargements/ict_304-main/src/models/User.js": {"path":"/home/skyfall/Téléchargements/ict_304-main/src/models/User.js","all":false,"statementMap":{"0":{"start":{"line":1,"column":0},"end":{"line":1,"column":38}},"1":{"start":{"line":2,"column":0},"end":{"line":2,"column":46}},"2":{"start":{"line":3,"column":0},"end":{"line":3,"column":0}},"3":{"start":{"line":4,"column":0},"end":{"line":4,"column":39}},"4":{"start":{"line":5,"column":0},"end":{"line":5,"column":7}},"5":{"start":{"line":6,"column":0},"end":{"line":6,"column":28}},"6":{"start":{"line":7,"column":0},"end":{"line":7,"column":24}},"7":{"start":{"line":8,"column":0},"end":{"line":8,"column":20}},"8":{"start":{"line":9,"column":0},"end":{"line":9,"column":4}},"9":{"start":{"line":10,"column":0},"end":{"line":10,"column":13}},"10":{"start":{"line":11,"column":0},"end":{"line":11,"column":27}},"11":{"start":{"line":12,"column":0},"end":{"line":12,"column":19}},"12":{"start":{"line":13,"column":0},"end":{"line":13,"column":4}},"13":{"start":{"line":14,"column":0},"end":{"line":14,"column":10}},"14":{"start":{"line":15,"column":0},"end":{"line":15,"column":27}},"15":{"start":{"line":16,"column":0},"end":{"line":16,"column":21}},"16":{"start":{"line":17,"column":0},"end":{"line":17,"column":17}},"17":{"start":{"line":18,"column":0},"end":{"line":18,"column":15}},"18":{"start":{"line":19,"column":0},"end":{"line":19,"column":19}},"19":{"start":{"line":20,"column":0},"end":{"line":20,"column":5}},"20":{"start":{"line":21,"column":0},"end":{"line":21,"column":4}},"21":{"start":{"line":22,"column":0},"end":{"line":22,"column":13}},"22":{"start":{"line":23,"column":0},"end":{"line":23,"column":27}},"23":{"start":{"line":24,"column":0},"end":{"line":24,"column":20}},"24":{"start":{"line":25,"column":0},"end":{"line":25,"column":4}},"25":{"start":{"line":26,"column":0},"end":{"line":26,"column":9}},"26":{"start":{"line":27,"column":0},"end":{"line":27,"column":44}},"27":{"start":{"line":28,"column":0},"end":{"line":28,"column":21}},"28":{"start":{"line":29,"column":0},"end":{"line":29,"column":26}},"29":{"start":{"line":30,"column":0},"end":{"line":30,"column":3}},"30":{"start":{"line":31,"column":0},"end":{"line":31,"column":4}},"31":{"start":{"line":32,"column":0},"end":{"line":32,"column":21}},"32":{"start":{"line":33,"column":0},"end":{"line":33,"column":47}},"33":{"start":{"line":34,"column":0},"end":{"line":34,"column":3}},"34":{"start":{"line":35,"column":0},"end":{"line":35,"column":0}},"35":{"start":{"line":36,"column":0},"end":{"line":36,"column":20}}},"s":{"0":1,"1":1,"2":1,"3":1,"4":1,"5":1,"6":1,"7":1,"8":1,"9":1,"10":1,"11":1,"12":1,"13":1,"14":1,"15":1,"16":1,"17":1,"18":1,"19":1,"20":1,"21":1,"22":1,"23":1,"24":1,"25":1,"26":1,"27":1,"28":1,"29":1,"30":1,"31":1,"32":1,"33":1,"34":1,"35":1},"branchMap":{},"b":{},"fnMap":{},"f":{}}
,"/home/skyfall/Téléchargements/ict_304-main/src/repositories/accountRepository.js": {"path":"/home/skyfall/Téléchargements/ict_304-main/src/repositories/accountRepository.js","all":false,"statementMap":{"0":{"start":{"line":1,"column":0},"end":{"line":1,"column":43}},"1":{"start":{"line":2,"column":0},"end":{"line":2,"column":0}},"2":{"start":{"line":3,"column":0},"end":{"line":3,"column":25}},"3":{"start":{"line":4,"column":0},"end":{"line":4,"column":27}},"4":{"start":{"line":5,"column":0},"end":{"line":5,"column":41}},"5":{"start":{"line":6,"column":0},"end":{"line":6,"column":38}},"6":{"start":{"line":7,"column":0},"end":{"line":7,"column":5}},"7":{"start":{"line":8,"column":0},"end":{"line":8,"column":4}},"8":{"start":{"line":9,"column":0},"end":{"line":9,"column":25}},"9":{"start":{"line":10,"column":0},"end":{"line":10,"column":61}},"10":{"start":{"line":11,"column":0},"end":{"line":11,"column":21}},"11":{"start":{"line":12,"column":0},"end":{"line":12,"column":72}},"12":{"start":{"line":13,"column":0},"end":{"line":13,"column":7}},"13":{"start":{"line":14,"column":0},"end":{"line":14,"column":35}},"14":{"start":{"line":15,"column":0},"end":{"line":15,"column":31}},"15":{"start":{"line":16,"column":0},"end":{"line":16,"column":39}},"16":{"start":{"line":17,"column":0},"end":{"line":17,"column":33}},"17":{"start":{"line":18,"column":0},"end":{"line":18,"column":46}},"18":{"start":{"line":19,"column":0},"end":{"line":19,"column":9}},"19":{"start":{"line":20,"column":0},"end":{"line":20,"column":12}},"20":{"start":{"line":21,"column":0},"end":{"line":21,"column":35}},"21":{"start":{"line":22,"column":0},"end":{"line":22,"column":31}},"22":{"start":{"line":23,"column":0},"end":{"line":23,"column":48}},"23":{"start":{"line":24,"column":0},"end":{"line":24,"column":33}},"24":{"start":{"line":25,"column":0},"end":{"line":25,"column":39}},"25":{"start":{"line":26,"column":0},"end":{"line":26,"column":9}},"26":{"start":{"line":27,"column":0},"end":{"line":27,"column":5}},"27":{"start":{"line":28,"column":0},"end":{"line":28,"column":3}},"28":{"start":{"line":29,"column":0},"end":{"line":29,"column":0}},"29":{"start":{"line":30,"column":0},"end":{"line":30,"column":22}},"30":{"start":{"line":31,"column":0},"end":{"line":31,"column":53}},"31":{"start":{"line":32,"column":0},"end":{"line":32,"column":9}},"32":{"start":{"line":33,"column":0},"end":{"line":33,"column":40}},"33":{"start":{"line":34,"column":0},"end":{"line":34,"column":13}},"34":{"start":{"line":35,"column":0},"end":{"line":35,"column":18}},"35":{"start":{"line":36,"column":0},"end":{"line":36,"column":5}},"36":{"start":{"line":37,"column":0},"end":{"line":37,"column":3}},"37":{"start":{"line":38,"column":0},"end":{"line":38,"column":0}},"38":{"start":{"line":39,"column":0},"end":{"line":39,"column":19}},"39":{"start":{"line":40,"column":0},"end":{"line":40,"column":35}},"40":{"start":{"line":41,"column":0},"end":{"line":41,"column":3}},"41":{"start":{"line":42,"column":0},"end":{"line":42,"column":0}},"42":{"start":{"line":43,"column":0},"end":{"line":43,"column":17}},"43":{"start":{"line":44,"column":0},"end":{"line":44,"column":54}},"44":{"start":{"line":45,"column":0},"end":{"line":45,"column":3}},"45":{"start":{"line":46,"column":0},"end":{"line":46,"column":1}},"46":{"start":{"line":47,"column":0},"end":{"line":47,"column":0}},"47":{"start":{"line":48,"column":0},"end":{"line":48,"column":57}}},"s":{"0":1,"1":1,"2":1,"3":1,"4":37,"5":13,"6":13,"7":24,"8":37,"9":2,"10":2,"11":1,"12":1,"13":1,"14":1,"15":1,"16":1,"17":1,"18":1,"19":37,"20":22,"21":22,"22":22,"23":22,"24":22,"25":22,"26":22,"27":37,"28":1,"29":1,"30":29,"31":29,"32":29,"33":29,"34":1,"35":1,"36":29,"37":1,"38":1,"39":1,"40":1,"41":1,"42":1,"43":1,"44":1,"45":1,"46":1,"47":1},"branchMap":{"0":{"type":"branch","line":4,"loc":{"start":{"line":4,"column":2},"end":{"line":28,"column":3}},"locations":[{"start":{"line":4,"column":2},"end":{"line":28,"column":3}}]},"1":{"type":"branch","line":5,"loc":{"start":{"line":5,"column":40},"end":{"line":7,"column":5}},"locations":[{"start":{"line":5,"column":40},"end":{"line":7,"column":5}}]},"2":{"type":"branch","line":7,"loc":{"start":{"line":7,"column":4},"end":{"line":9,"column":24}},"locations":[{"start":{"line":7,"column":4},"end":{"line":9,"column":24}}]},"3":{"type":"branch","line":9,"loc":{"start":{"line":9,"column":24},"end":{"line":20,"column":5}},"locations":[{"start":{"line":9,"column":24},"end":{"line":20,"column":5}}]},"4":{"type":"branch","line":11,"loc":{"start":{"line":11,"column":20},"end":{"line":20,"column":5}},"locations":[{"start":{"line":11,"column":20},"end":{"line":20,"column":5}}]},"5":{"type":"branch","line":20,"loc":{"start":{"line":20,"column":5},"end":{"line":27,"column":5}},"locations":[{"start":{"line":20,"column":5},"end":{"line":27,"column":5}}]},"6":{"type":"branch","line":23,"loc":{"start":{"line":23,"column":39},"end":{"line":23,"column":47}},"locations":[{"start":{"line":23,"column":39},"end":{"line":23,"column":47}}]},"7":{"type":"branch","line":30,"loc":{"start":{"line":30,"column":2},"end":{"line":37,"column":3}},"locations":[{"start":{"line":30,"column":2},"end":{"line":37,"column":3}}]},"8":{"type":"branch","line":31,"loc":{"start":{"line":31,"column":41},"end":{"line":31,"column":53}},"locations":[{"start":{"line":31,"column":41},"end":{"line":31,"column":53}}]},"9":{"type":"branch","line":34,"loc":{"start":{"line":34,"column":6},"end":{"line":36,"column":5}},"locations":[{"start":{"line":34,"column":6},"end":{"line":36,"column":5}}]},"10":{"type":"branch","line":39,"loc":{"start":{"line":39,"column":2},"end":{"line":41,"column":3}},"locations":[{"start":{"line":39,"column":2},"end":{"line":41,"column":3}}]},"11":{"type":"branch","line":43,"loc":{"start":{"line":43,"column":2},"end":{"line":45,"column":3}},"locations":[{"start":{"line":43,"column":2},"end":{"line":45,"column":3}}]}},"b":{"0":[37],"1":[13],"2":[24],"3":[2],"4":[1],"5":[22],"6":[0],"7":[29],"8":[0],"9":[1],"10":[1],"11":[1]},"fnMap":{"0":{"name":"save","decl":{"start":{"line":4,"column":2},"end":{"line":28,"column":3}},"loc":{"start":{"line":4,"column":2},"end":{"line":28,"column":3}},"line":4},"1":{"name":"findById","decl":{"start":{"line":30,"column":2},"end":{"line":37,"column":3}},"loc":{"start":{"line":30,"column":2},"end":{"line":37,"column":3}},"line":30},"2":{"name":"findAll","decl":{"start":{"line":39,"column":2},"end":{"line":41,"column":3}},"loc":{"start":{"line":39,"column":2},"end":{"line":41,"column":3}},"line":39},"3":{"name":"clear","decl":{"start":{"line":43,"column":2},"end":{"line":45,"column":3}},"loc":{"start":{"line":43,"column":2},"end":{"line":45,"column":3}},"line":43}},"f":{"0":37,"1":29,"2":1,"3":1}}
,"/home/skyfall/Téléchargements/ict_304-main/src/repositories/transactionRepository.js": {"path":"/home/skyfall/Téléchargements/ict_304-main/src/repositories/transactionRepository.js","all":false,"statementMap":{"0":{"start":{"line":1,"column":0},"end":{"line":1,"column":31}},"1":{"start":{"line":2,"column":0},"end":{"line":2,"column":51}},"2":{"start":{"line":3,"column":0},"end":{"line":3,"column":0}},"3":{"start":{"line":4,"column":0},"end":{"line":4,"column":29}},"4":{"start":{"line":5,"column":0},"end":{"line":5,"column":31}},"5":{"start":{"line":6,"column":0},"end":{"line":6,"column":37}},"6":{"start":{"line":7,"column":0},"end":{"line":7,"column":33}},"7":{"start":{"line":8,"column":0},"end":{"line":8,"column":45}},"8":{"start":{"line":9,"column":0},"end":{"line":9,"column":103}},"9":{"start":{"line":10,"column":0},"end":{"line":10,"column":118}},"10":{"start":{"line":11,"column":0},"end":{"line":11,"column":57}},"11":{"start":{"line":12,"column":0},"end":{"line":12,"column":54}},"12":{"start":{"line":13,"column":0},"end":{"line":13,"column":7}},"13":{"start":{"line":14,"column":0},"end":{"line":14,"column":3}},"14":{"start":{"line":15,"column":0},"end":{"line":15,"column":0}},"15":{"start":{"line":16,"column":0},"end":{"line":16,"column":84}},"16":{"start":{"line":17,"column":0},"end":{"line":17,"column":36}},"17":{"start":{"line":18,"column":0},"end":{"line":18,"column":38}},"18":{"start":{"line":19,"column":0},"end":{"line":19,"column":14}},"19":{"start":{"line":20,"column":0},"end":{"line":20,"column":18}},"20":{"start":{"line":21,"column":0},"end":{"line":21,"column":37}},"21":{"start":{"line":22,"column":0},"end":{"line":22,"column":41}},"22":{"start":{"line":23,"column":0},"end":{"line":23,"column":9}},"23":{"start":{"line":24,"column":0},"end":{"line":24,"column":8}},"24":{"start":{"line":25,"column":0},"end":{"line":25,"column":14}},"25":{"start":{"line":26,"column":0},"end":{"line":26,"column":30}},"26":{"start":{"line":27,"column":0},"end":{"line":27,"column":22}},"27":{"start":{"line":28,"column":0},"end":{"line":28,"column":8}},"28":{"start":{"line":29,"column":0},"end":{"line":29,"column":16}},"29":{"start":{"line":30,"column":0},"end":{"line":30,"column":61}},"30":{"start":{"line":31,"column":0},"end":{"line":31,"column":65}},"31":{"start":{"line":32,"column":0},"end":{"line":32,"column":7}},"32":{"start":{"line":33,"column":0},"end":{"line":33,"column":7}},"33":{"start":{"line":34,"column":0},"end":{"line":34,"column":3}},"34":{"start":{"line":35,"column":0},"end":{"line":35,"column":0}},"35":{"start":{"line":36,"column":0},"end":{"line":36,"column":39}},"36":{"start":{"line":37,"column":0},"end":{"line":37,"column":38}},"37":{"start":{"line":38,"column":0},"end":{"line":38,"column":14}},"38":{"start":{"line":39,"column":0},"end":{"line":39,"column":30}},"39":{"start":{"line":40,"column":0},"end":{"line":40,"column":22}},"40":{"start":{"line":41,"column":0},"end":{"line":41,"column":8}},"41":{"start":{"line":42,"column":0},"end":{"line":42,"column":16}},"42":{"start":{"line":43,"column":0},"end":{"line":43,"column":61}},"43":{"start":{"line":44,"column":0},"end":{"line":44,"column":65}},"44":{"start":{"line":45,"column":0},"end":{"line":45,"column":7}},"45":{"start":{"line":46,"column":0},"end":{"line":46,"column":7}},"46":{"start":{"line":47,"column":0},"end":{"line":47,"column":3}},"47":{"start":{"line":48,"column":0},"end":{"line":48,"column":0}},"48":{"start":{"line":49,"column":0},"end":{"line":49,"column":17}},"49":{"start":{"line":50,"column":0},"end":{"line":50,"column":58}},"50":{"start":{"line":51,"column":0},"end":{"line":51,"column":3}},"51":{"start":{"line":52,"column":0},"end":{"line":52,"column":1}},"52":{"start":{"line":53,"column":0},"end":{"line":53,"column":0}},"53":{"start":{"line":54,"column":0},"end":{"line":54,"column":65}}},"s":{"0":1,"1":1,"2":1,"3":1,"4":1,"5":10,"6":10,"7":10,"8":10,"9":10,"10":10,"11":10,"12":10,"13":10,"14":1,"15":1,"16":3,"17":3,"18":3,"19":3,"20":3,"21":3,"22":3,"23":3,"24":3,"25":3,"26":3,"27":3,"28":3,"29":3,"30":3,"31":3,"32":3,"33":3,"34":1,"35":1,"36":1,"37":1,"38":1,"39":1,"40":1,"41":1,"42":1,"43":1,"44":1,"45":1,"46":1,"47":1,"48":1,"49":1,"50":1,"51":1,"52":1,"53":1},"branchMap":{"0":{"type":"branch","line":5,"loc":{"start":{"line":5,"column":2},"end":{"line":14,"column":3}},"locations":[{"start":{"line":5,"column":2},"end":{"line":14,"column":3}}]},"1":{"type":"branch","line":9,"loc":{"start":{"line":9,"column":53},"end":{"line":9,"column":95}},"locations":[{"start":{"line":9,"column":53},"end":{"line":9,"column":95}}]},"2":{"type":"branch","line":9,"loc":{"start":{"line":9,"column":96},"end":{"line":9,"column":102}},"locations":[{"start":{"line":9,"column":96},"end":{"line":9,"column":102}}]},"3":{"type":"branch","line":10,"loc":{"start":{"line":10,"column":63},"end":{"line":10,"column":110}},"locations":[{"start":{"line":10,"column":63},"end":{"line":10,"column":110}}]},"4":{"type":"branch","line":10,"loc":{"start":{"line":10,"column":111},"end":{"line":10,"column":117}},"locations":[{"start":{"line":10,"column":111},"end":{"line":10,"column":117}}]},"5":{"type":"branch","line":12,"loc":{"start":{"line":12,"column":47},"end":{"line":12,"column":54}},"locations":[{"start":{"line":12,"column":47},"end":{"line":12,"column":54}}]},"6":{"type":"branch","line":16,"loc":{"start":{"line":16,"column":2},"end":{"line":34,"column":3}},"locations":[{"start":{"line":16,"column":2},"end":{"line":34,"column":3}}]},"7":{"type":"branch","line":36,"loc":{"start":{"line":36,"column":2},"end":{"line":47,"column":3}},"locations":[{"start":{"line":36,"column":2},"end":{"line":47,"column":3}}]},"8":{"type":"branch","line":49,"loc":{"start":{"line":49,"column":2},"end":{"line":51,"column":3}},"locations":[{"start":{"line":49,"column":2},"end":{"line":51,"column":3}}]}},"b":{"0":[10],"1":[6],"2":[4],"3":[7],"4":[3],"5":[0],"6":[3],"7":[1],"8":[1]},"fnMap":{"0":{"name":"save","decl":{"start":{"line":5,"column":2},"end":{"line":14,"column":3}},"loc":{"start":{"line":5,"column":2},"end":{"line":14,"column":3}},"line":5},"1":{"name":"findBySourceAccountIdOrDestinationAccountIdOrderByTimestampDesc","decl":{"start":{"line":16,"column":2},"end":{"line":34,"column":3}},"loc":{"start":{"line":16,"column":2},"end":{"line":34,"column":3}},"line":16},"2":{"name":"findAllOrderByTimestampDesc","decl":{"start":{"line":36,"column":2},"end":{"line":47,"column":3}},"loc":{"start":{"line":36,"column":2},"end":{"line":47,"column":3}},"line":36},"3":{"name":"clear","decl":{"start":{"line":49,"column":2},"end":{"line":51,"column":3}},"loc":{"start":{"line":49,"column":2},"end":{"line":51,"column":3}},"line":49}},"f":{"0":10,"1":3,"2":1,"3":1}}
,"/home/skyfall/Téléchargements/ict_304-main/src/services/accountService.js": {"path":"/home/skyfall/Téléchargements/ict_304-main/src/services/accountService.js","all":false,"statementMap":{"0":{"start":{"line":1,"column":0},"end":{"line":1,"column":73}},"1":{"start":{"line":2,"column":0},"end":{"line":2,"column":81}},"2":{"start":{"line":3,"column":0},"end":{"line":3,"column":73}},"3":{"start":{"line":4,"column":0},"end":{"line":4,"column":0}},"4":{"start":{"line":5,"column":0},"end":{"line":5,"column":22}},"5":{"start":{"line":6,"column":0},"end":{"line":6,"column":32}},"6":{"start":{"line":7,"column":0},"end":{"line":7,"column":36}},"7":{"start":{"line":8,"column":0},"end":{"line":8,"column":74}},"8":{"start":{"line":9,"column":0},"end":{"line":9,"column":5}},"9":{"start":{"line":10,"column":0},"end":{"line":10,"column":92}},"10":{"start":{"line":11,"column":0},"end":{"line":11,"column":36}},"11":{"start":{"line":12,"column":0},"end":{"line":12,"column":10}},"12":{"start":{"line":13,"column":0},"end":{"line":13,"column":0}},"13":{"start":{"line":14,"column":0},"end":{"line":14,"column":21}},"14":{"start":{"line":15,"column":0},"end":{"line":15,"column":25}},"15":{"start":{"line":16,"column":0},"end":{"line":16,"column":103}},"16":{"start":{"line":17,"column":0},"end":{"line":17,"column":25}},"17":{"start":{"line":18,"column":0},"end":{"line":18,"column":6}},"18":{"start":{"line":19,"column":0},"end":{"line":19,"column":0}},"19":{"start":{"line":20,"column":0},"end":{"line":20,"column":49}},"20":{"start":{"line":21,"column":0},"end":{"line":21,"column":3}},"21":{"start":{"line":22,"column":0},"end":{"line":22,"column":0}},"22":{"start":{"line":23,"column":0},"end":{"line":23,"column":26}},"23":{"start":{"line":24,"column":0},"end":{"line":24,"column":45}},"24":{"start":{"line":25,"column":0},"end":{"line":25,"column":3}},"25":{"start":{"line":26,"column":0},"end":{"line":26,"column":0}},"26":{"start":{"line":27,"column":0},"end":{"line":27,"column":28}},"27":{"start":{"line":28,"column":0},"end":{"line":28,"column":42}},"28":{"start":{"line":29,"column":0},"end":{"line":29,"column":81}},"29":{"start":{"line":30,"column":0},"end":{"line":30,"column":5}},"30":{"start":{"line":31,"column":0},"end":{"line":31,"column":57}},"31":{"start":{"line":32,"column":0},"end":{"line":32,"column":19}},"32":{"start":{"line":33,"column":0},"end":{"line":33,"column":70}},"33":{"start":{"line":34,"column":0},"end":{"line":34,"column":5}},"34":{"start":{"line":35,"column":0},"end":{"line":35,"column":19}},"35":{"start":{"line":36,"column":0},"end":{"line":36,"column":3}},"36":{"start":{"line":37,"column":0},"end":{"line":37,"column":0}},"37":{"start":{"line":38,"column":0},"end":{"line":38,"column":26}},"38":{"start":{"line":39,"column":0},"end":{"line":39,"column":84}},"39":{"start":{"line":40,"column":0},"end":{"line":40,"column":81}},"40":{"start":{"line":41,"column":0},"end":{"line":41,"column":5}},"41":{"start":{"line":42,"column":0},"end":{"line":42,"column":42}},"42":{"start":{"line":43,"column":0},"end":{"line":43,"column":39}},"43":{"start":{"line":44,"column":0},"end":{"line":44,"column":88}},"44":{"start":{"line":45,"column":0},"end":{"line":45,"column":5}},"45":{"start":{"line":46,"column":0},"end":{"line":46,"column":0}},"46":{"start":{"line":47,"column":0},"end":{"line":47,"column":65}},"47":{"start":{"line":48,"column":0},"end":{"line":48,"column":28}},"48":{"start":{"line":49,"column":0},"end":{"line":49,"column":41}},"49":{"start":{"line":50,"column":0},"end":{"line":50,"column":42}},"50":{"start":{"line":51,"column":0},"end":{"line":51,"column":0}},"51":{"start":{"line":52,"column":0},"end":{"line":52,"column":38}},"52":{"start":{"line":53,"column":0},"end":{"line":53,"column":22}},"53":{"start":{"line":54,"column":0},"end":{"line":54,"column":21}},"54":{"start":{"line":55,"column":0},"end":{"line":55,"column":34}},"55":{"start":{"line":56,"column":0},"end":{"line":56,"column":38}},"56":{"start":{"line":57,"column":0},"end":{"line":57,"column":7}},"57":{"start":{"line":58,"column":0},"end":{"line":58,"column":3}},"58":{"start":{"line":59,"column":0},"end":{"line":59,"column":0}},"59":{"start":{"line":60,"column":0},"end":{"line":60,"column":27}},"60":{"start":{"line":61,"column":0},"end":{"line":61,"column":84}},"61":{"start":{"line":62,"column":0},"end":{"line":62,"column":81}},"62":{"start":{"line":63,"column":0},"end":{"line":63,"column":5}},"63":{"start":{"line":64,"column":0},"end":{"line":64,"column":42}},"64":{"start":{"line":65,"column":0},"end":{"line":65,"column":39}},"65":{"start":{"line":66,"column":0},"end":{"line":66,"column":90}},"66":{"start":{"line":67,"column":0},"end":{"line":67,"column":5}},"67":{"start":{"line":68,"column":0},"end":{"line":68,"column":0}},"68":{"start":{"line":69,"column":0},"end":{"line":69,"column":65}},"69":{"start":{"line":70,"column":0},"end":{"line":70,"column":0}},"70":{"start":{"line":71,"column":0},"end":{"line":71,"column":33}},"71":{"start":{"line":72,"column":0},"end":{"line":72,"column":85}},"72":{"start":{"line":73,"column":0},"end":{"line":73,"column":5}},"73":{"start":{"line":74,"column":0},"end":{"line":74,"column":0}},"74":{"start":{"line":75,"column":0},"end":{"line":75,"column":28}},"75":{"start":{"line":76,"column":0},"end":{"line":76,"column":41}},"76":{"start":{"line":77,"column":0},"end":{"line":77,"column":42}},"77":{"start":{"line":78,"column":0},"end":{"line":78,"column":0}},"78":{"start":{"line":79,"column":0},"end":{"line":79,"column":38}},"79":{"start":{"line":80,"column":0},"end":{"line":80,"column":25}},"80":{"start":{"line":81,"column":0},"end":{"line":81,"column":21}},"81":{"start":{"line":82,"column":0},"end":{"line":82,"column":29}},"82":{"start":{"line":83,"column":0},"end":{"line":83,"column":38}},"83":{"start":{"line":84,"column":0},"end":{"line":84,"column":7}},"84":{"start":{"line":85,"column":0},"end":{"line":85,"column":3}},"85":{"start":{"line":86,"column":0},"end":{"line":86,"column":0}},"86":{"start":{"line":87,"column":0},"end":{"line":87,"column":27}},"87":{"start":{"line":88,"column":0},"end":{"line":88,"column":96}},"88":{"start":{"line":89,"column":0},"end":{"line":89,"column":74}},"89":{"start":{"line":90,"column":0},"end":{"line":90,"column":5}},"90":{"start":{"line":91,"column":0},"end":{"line":91,"column":94}},"91":{"start":{"line":92,"column":0},"end":{"line":92,"column":79}},"92":{"start":{"line":93,"column":0},"end":{"line":93,"column":5}},"93":{"start":{"line":94,"column":0},"end":{"line":94,"column":42}},"94":{"start":{"line":95,"column":0},"end":{"line":95,"column":39}},"95":{"start":{"line":96,"column":0},"end":{"line":96,"column":91}},"96":{"start":{"line":97,"column":0},"end":{"line":97,"column":5}},"97":{"start":{"line":98,"column":0},"end":{"line":98,"column":0}},"98":{"start":{"line":99,"column":0},"end":{"line":99,"column":83}},"99":{"start":{"line":100,"column":0},"end":{"line":100,"column":99}},"100":{"start":{"line":101,"column":0},"end":{"line":101,"column":5}},"101":{"start":{"line":102,"column":0},"end":{"line":102,"column":0}},"102":{"start":{"line":103,"column":0},"end":{"line":103,"column":77}},"103":{"start":{"line":104,"column":0},"end":{"line":104,"column":80}},"104":{"start":{"line":105,"column":0},"end":{"line":105,"column":0}},"105":{"start":{"line":106,"column":0},"end":{"line":106,"column":39}},"106":{"start":{"line":107,"column":0},"end":{"line":107,"column":86}},"107":{"start":{"line":108,"column":0},"end":{"line":108,"column":5}},"108":{"start":{"line":109,"column":0},"end":{"line":109,"column":0}},"109":{"start":{"line":110,"column":0},"end":{"line":110,"column":34}},"110":{"start":{"line":111,"column":0},"end":{"line":111,"column":32}},"111":{"start":{"line":112,"column":0},"end":{"line":112,"column":0}},"112":{"start":{"line":113,"column":0},"end":{"line":113,"column":53}},"113":{"start":{"line":114,"column":0},"end":{"line":114,"column":49}},"114":{"start":{"line":115,"column":0},"end":{"line":115,"column":0}},"115":{"start":{"line":116,"column":0},"end":{"line":116,"column":48}},"116":{"start":{"line":117,"column":0},"end":{"line":117,"column":46}},"117":{"start":{"line":118,"column":0},"end":{"line":118,"column":0}},"118":{"start":{"line":119,"column":0},"end":{"line":119,"column":38}},"119":{"start":{"line":120,"column":0},"end":{"line":120,"column":23}},"120":{"start":{"line":121,"column":0},"end":{"line":121,"column":21}},"121":{"start":{"line":122,"column":0},"end":{"line":122,"column":35}},"122":{"start":{"line":123,"column":0},"end":{"line":123,"column":38}},"123":{"start":{"line":124,"column":0},"end":{"line":124,"column":38}},"124":{"start":{"line":125,"column":0},"end":{"line":125,"column":7}},"125":{"start":{"line":126,"column":0},"end":{"line":126,"column":3}},"126":{"start":{"line":127,"column":0},"end":{"line":127,"column":1}},"127":{"start":{"line":128,"column":0},"end":{"line":128,"column":0}},"128":{"start":{"line":129,"column":0},"end":{"line":129,"column":51}}},"s":{"0":1,"1":1,"2":1,"3":1,"4":1,"5":1,"6":23,"7":1,"8":1,"9":22,"10":23,"11":23,"12":23,"13":23,"14":23,"15":23,"16":23,"17":23,"18":23,"19":23,"20":23,"21":1,"22":1,"23":1,"24":1,"25":1,"26":1,"27":29,"28":1,"29":1,"30":28,"31":29,"32":2,"33":2,"34":26,"35":29,"36":1,"37":1,"38":6,"39":1,"40":1,"41":5,"42":6,"43":1,"44":1,"45":4,"46":4,"47":4,"48":4,"49":4,"50":4,"51":4,"52":4,"53":4,"54":4,"55":4,"56":4,"57":6,"58":1,"59":1,"60":6,"61":1,"62":1,"63":5,"64":6,"65":1,"66":1,"67":4,"68":4,"69":4,"70":6,"71":1,"72":1,"73":3,"74":3,"75":3,"76":3,"77":3,"78":3,"79":3,"80":3,"81":3,"82":3,"83":3,"84":6,"85":1,"86":1,"87":8,"88":1,"89":1,"90":8,"91":1,"92":1,"93":6,"94":8,"95":1,"96":1,"97":5,"98":8,"99":1,"100":1,"101":4,"102":4,"103":4,"104":4,"105":8,"106":1,"107":1,"108":3,"109":3,"110":3,"111":3,"112":3,"113":3,"114":3,"115":3,"116":3,"117":3,"118":3,"119":3,"120":3,"121":3,"122":3,"123":3,"124":3,"125":8,"126":1,"127":1,"128":1},"branchMap":{"0":{"type":"branch","line":6,"loc":{"start":{"line":6,"column":2},"end":{"line":21,"column":3}},"locations":[{"start":{"line":6,"column":2},"end":{"line":21,"column":3}}]},"1":{"type":"branch","line":7,"loc":{"start":{"line":7,"column":35},"end":{"line":9,"column":5}},"locations":[{"start":{"line":7,"column":35},"end":{"line":9,"column":5}}]},"2":{"type":"branch","line":9,"loc":{"start":{"line":9,"column":4},"end":{"line":10,"column":92}},"locations":[{"start":{"line":9,"column":4},"end":{"line":10,"column":92}}]},"3":{"type":"branch","line":11,"loc":{"start":{"line":11,"column":6},"end":{"line":11,"column":36}},"locations":[{"start":{"line":11,"column":6},"end":{"line":11,"column":36}}]},"4":{"type":"branch","line":12,"loc":{"start":{"line":12,"column":6},"end":{"line":12,"column":9}},"locations":[{"start":{"line":12,"column":6},"end":{"line":12,"column":9}}]},"5":{"type":"branch","line":16,"loc":{"start":{"line":16,"column":47},"end":{"line":16,"column":75}},"locations":[{"start":{"line":16,"column":47},"end":{"line":16,"column":75}}]},"6":{"type":"branch","line":16,"loc":{"start":{"line":16,"column":76},"end":{"line":16,"column":94}},"locations":[{"start":{"line":16,"column":76},"end":{"line":16,"column":94}}]},"7":{"type":"branch","line":16,"loc":{"start":{"line":16,"column":95},"end":{"line":16,"column":102}},"locations":[{"start":{"line":16,"column":95},"end":{"line":16,"column":102}}]},"8":{"type":"branch","line":23,"loc":{"start":{"line":23,"column":2},"end":{"line":25,"column":3}},"locations":[{"start":{"line":23,"column":2},"end":{"line":25,"column":3}}]},"9":{"type":"branch","line":27,"loc":{"start":{"line":27,"column":2},"end":{"line":36,"column":3}},"locations":[{"start":{"line":27,"column":2},"end":{"line":36,"column":3}}]},"10":{"type":"branch","line":28,"loc":{"start":{"line":28,"column":41},"end":{"line":30,"column":5}},"locations":[{"start":{"line":28,"column":41},"end":{"line":30,"column":5}}]},"11":{"type":"branch","line":30,"loc":{"start":{"line":30,"column":4},"end":{"line":32,"column":18}},"locations":[{"start":{"line":30,"column":4},"end":{"line":32,"column":18}}]},"12":{"type":"branch","line":32,"loc":{"start":{"line":32,"column":18},"end":{"line":34,"column":5}},"locations":[{"start":{"line":32,"column":18},"end":{"line":34,"column":5}}]},"13":{"type":"branch","line":34,"loc":{"start":{"line":34,"column":4},"end":{"line":36,"column":2}},"locations":[{"start":{"line":34,"column":4},"end":{"line":36,"column":2}}]},"14":{"type":"branch","line":38,"loc":{"start":{"line":38,"column":2},"end":{"line":58,"column":3}},"locations":[{"start":{"line":38,"column":2},"end":{"line":58,"column":3}}]},"15":{"type":"branch","line":39,"loc":{"start":{"line":39,"column":52},"end":{"line":39,"column":81}},"locations":[{"start":{"line":39,"column":52},"end":{"line":39,"column":81}}]},"16":{"type":"branch","line":39,"loc":{"start":{"line":39,"column":83},"end":{"line":41,"column":5}},"locations":[{"start":{"line":39,"column":83},"end":{"line":41,"column":5}}]},"17":{"type":"branch","line":41,"loc":{"start":{"line":41,"column":4},"end":{"line":43,"column":36}},"locations":[{"start":{"line":41,"column":4},"end":{"line":43,"column":36}}]},"18":{"type":"branch","line":43,"loc":{"start":{"line":43,"column":38},"end":{"line":58,"column":2}},"locations":[{"start":{"line":43,"column":38},"end":{"line":58,"column":2}}]},"19":{"type":"branch","line":43,"loc":{"start":{"line":43,"column":38},"end":{"line":45,"column":5}},"locations":[{"start":{"line":43,"column":38},"end":{"line":45,"column":5}}]},"20":{"type":"branch","line":60,"loc":{"start":{"line":60,"column":2},"end":{"line":85,"column":3}},"locations":[{"start":{"line":60,"column":2},"end":{"line":85,"column":3}}]},"21":{"type":"branch","line":61,"loc":{"start":{"line":61,"column":52},"end":{"line":61,"column":81}},"locations":[{"start":{"line":61,"column":52},"end":{"line":61,"column":81}}]},"22":{"type":"branch","line":61,"loc":{"start":{"line":61,"column":83},"end":{"line":63,"column":5}},"locations":[{"start":{"line":61,"column":83},"end":{"line":63,"column":5}}]},"23":{"type":"branch","line":63,"loc":{"start":{"line":63,"column":4},"end":{"line":65,"column":36}},"locations":[{"start":{"line":63,"column":4},"end":{"line":65,"column":36}}]},"24":{"type":"branch","line":65,"loc":{"start":{"line":65,"column":38},"end":{"line":67,"column":5}},"locations":[{"start":{"line":65,"column":38},"end":{"line":67,"column":5}}]},"25":{"type":"branch","line":67,"loc":{"start":{"line":67,"column":4},"end":{"line":71,"column":32}},"locations":[{"start":{"line":67,"column":4},"end":{"line":71,"column":32}}]},"26":{"type":"branch","line":71,"loc":{"start":{"line":71,"column":32},"end":{"line":85,"column":2}},"locations":[{"start":{"line":71,"column":32},"end":{"line":85,"column":2}}]},"27":{"type":"branch","line":71,"loc":{"start":{"line":71,"column":32},"end":{"line":73,"column":5}},"locations":[{"start":{"line":71,"column":32},"end":{"line":73,"column":5}}]},"28":{"type":"branch","line":87,"loc":{"start":{"line":87,"column":2},"end":{"line":126,"column":3}},"locations":[{"start":{"line":87,"column":2},"end":{"line":126,"column":3}}]},"29":{"type":"branch","line":88,"loc":{"start":{"line":88,"column":58},"end":{"line":88,"column":93}},"locations":[{"start":{"line":88,"column":58},"end":{"line":88,"column":93}}]},"30":{"type":"branch","line":88,"loc":{"start":{"line":88,"column":95},"end":{"line":90,"column":5}},"locations":[{"start":{"line":88,"column":95},"end":{"line":90,"column":5}}]},"31":{"type":"branch","line":90,"loc":{"start":{"line":90,"column":4},"end":{"line":91,"column":51}},"locations":[{"start":{"line":90,"column":4},"end":{"line":91,"column":51}}]},"32":{"type":"branch","line":91,"loc":{"start":{"line":91,"column":51},"end":{"line":91,"column":91}},"locations":[{"start":{"line":91,"column":51},"end":{"line":91,"column":91}}]},"33":{"type":"branch","line":91,"loc":{"start":{"line":91,"column":93},"end":{"line":93,"column":5}},"locations":[{"start":{"line":91,"column":93},"end":{"line":93,"column":5}}]},"34":{"type":"branch","line":93,"loc":{"start":{"line":93,"column":4},"end":{"line":95,"column":36}},"locations":[{"start":{"line":93,"column":4},"end":{"line":95,"column":36}}]},"35":{"type":"branch","line":95,"loc":{"start":{"line":95,"column":38},"end":{"line":97,"column":5}},"locations":[{"start":{"line":95,"column":38},"end":{"line":97,"column":5}}]},"36":{"type":"branch","line":97,"loc":{"start":{"line":97,"column":4},"end":{"line":99,"column":82}},"locations":[{"start":{"line":97,"column":4},"end":{"line":99,"column":82}}]},"37":{"type":"branch","line":99,"loc":{"start":{"line":99,"column":82},"end":{"line":101,"column":5}},"locations":[{"start":{"line":99,"column":82},"end":{"line":101,"column":5}}]},"38":{"type":"branch","line":101,"loc":{"start":{"line":101,"column":4},"end":{"line":106,"column":38}},"locations":[{"start":{"line":101,"column":4},"end":{"line":106,"column":38}}]},"39":{"type":"branch","line":106,"loc":{"start":{"line":106,"column":38},"end":{"line":126,"column":2}},"locations":[{"start":{"line":106,"column":38},"end":{"line":126,"column":2}}]},"40":{"type":"branch","line":106,"loc":{"start":{"line":106,"column":38},"end":{"line":108,"column":5}},"locations":[{"start":{"line":106,"column":38},"end":{"line":108,"column":5}}]}},"b":{"0":[23],"1":[1],"2":[22],"3":[22],"4":[0],"5":[1],"6":[1],"7":[21],"8":[1],"9":[29],"10":[1],"11":[28],"12":[2],"13":[26],"14":[6],"15":[5],"16":[1],"17":[5],"18":[4],"19":[1],"20":[6],"21":[5],"22":[1],"23":[5],"24":[1],"25":[4],"26":[3],"27":[1],"28":[8],"29":[7],"30":[1],"31":[7],"32":[6],"33":[1],"34":[6],"35":[1],"36":[5],"37":[1],"38":[4],"39":[3],"40":[1]},"fnMap":{"0":{"name":"createAccount","decl":{"start":{"line":6,"column":2},"end":{"line":21,"column":3}},"loc":{"start":{"line":6,"column":2},"end":{"line":21,"column":3}},"line":6},"1":{"name":"getAllAccounts","decl":{"start":{"line":23,"column":2},"end":{"line":25,"column":3}},"loc":{"start":{"line":23,"column":2},"end":{"line":25,"column":3}},"line":23},"2":{"name":"getAccountById","decl":{"start":{"line":27,"column":2},"end":{"line":36,"column":3}},"loc":{"start":{"line":27,"column":2},"end":{"line":36,"column":3}},"line":27},"3":{"name":"deposit","decl":{"start":{"line":38,"column":2},"end":{"line":58,"column":3}},"loc":{"start":{"line":38,"column":2},"end":{"line":58,"column":3}},"line":38},"4":{"name":"withdraw","decl":{"start":{"line":60,"column":2},"end":{"line":85,"column":3}},"loc":{"start":{"line":60,"column":2},"end":{"line":85,"column":3}},"line":60},"5":{"name":"transfer","decl":{"start":{"line":87,"column":2},"end":{"line":126,"column":3}},"loc":{"start":{"line":87,"column":2},"end":{"line":126,"column":3}},"line":87}},"f":{"0":23,"1":1,"2":29,"3":6,"4":6,"5":8}}
,"/home/skyfall/Téléchargements/ict_304-main/src/services/transactionService.js": {"path":"/home/skyfall/Téléchargements/ict_304-main/src/services/transactionService.js","all":false,"statementMap":{"0":{"start":{"line":1,"column":0},"end":{"line":1,"column":81}},"1":{"start":{"line":2,"column":0},"end":{"line":2,"column":0}},"2":{"start":{"line":3,"column":0},"end":{"line":3,"column":26}},"3":{"start":{"line":4,"column":0},"end":{"line":4,"column":38}},"4":{"start":{"line":5,"column":0},"end":{"line":5,"column":128}},"5":{"start":{"line":6,"column":0},"end":{"line":6,"column":35}},"6":{"start":{"line":7,"column":0},"end":{"line":7,"column":15}},"7":{"start":{"line":8,"column":0},"end":{"line":8,"column":19}},"8":{"start":{"line":9,"column":0},"end":{"line":9,"column":23}},"9":{"start":{"line":10,"column":0},"end":{"line":10,"column":67}},"10":{"start":{"line":11,"column":0},"end":{"line":11,"column":82}},"11":{"start":{"line":12,"column":0},"end":{"line":12,"column":29}},"12":{"start":{"line":13,"column":0},"end":{"line":13,"column":32}},"13":{"start":{"line":14,"column":0},"end":{"line":14,"column":8}},"14":{"start":{"line":15,"column":0},"end":{"line":15,"column":3}},"15":{"start":{"line":16,"column":0},"end":{"line":16,"column":25}},"16":{"start":{"line":17,"column":0},"end":{"line":17,"column":83}},"17":{"start":{"line":18,"column":0},"end":{"line":18,"column":35}},"18":{"start":{"line":19,"column":0},"end":{"line":19,"column":15}},"19":{"start":{"line":20,"column":0},"end":{"line":20,"column":19}},"20":{"start":{"line":21,"column":0},"end":{"line":21,"column":23}},"21":{"start":{"line":22,"column":0},"end":{"line":22,"column":67}},"22":{"start":{"line":23,"column":0},"end":{"line":23,"column":82}},"23":{"start":{"line":24,"column":0},"end":{"line":24,"column":29}},"24":{"start":{"line":25,"column":0},"end":{"line":25,"column":32}},"25":{"start":{"line":26,"column":0},"end":{"line":26,"column":8}},"26":{"start":{"line":27,"column":0},"end":{"line":27,"column":3}},"27":{"start":{"line":28,"column":0},"end":{"line":28,"column":1}},"28":{"start":{"line":29,"column":0},"end":{"line":29,"column":0}},"29":{"start":{"line":30,"column":0},"end":{"line":30,"column":59}}},"s":{"0":1,"1":1,"2":1,"3":1,"4":2,"5":2,"6":3,"7":3,"8":3,"9":3,"10":3,"11":3,"12":3,"13":2,"14":2,"15":1,"16":1,"17":1,"18":1,"19":1,"20":1,"21":1,"22":1,"23":1,"24":1,"25":1,"26":1,"27":1,"28":1,"29":1},"branchMap":{"0":{"type":"branch","line":4,"loc":{"start":{"line":4,"column":2},"end":{"line":15,"column":3}},"locations":[{"start":{"line":4,"column":2},"end":{"line":15,"column":3}}]},"1":{"type":"branch","line":6,"loc":{"start":{"line":6,"column":28},"end":{"line":14,"column":6}},"locations":[{"start":{"line":6,"column":28},"end":{"line":14,"column":6}}]},"2":{"type":"branch","line":10,"loc":{"start":{"line":10,"column":39},"end":{"line":10,"column":59}},"locations":[{"start":{"line":10,"column":39},"end":{"line":10,"column":59}}]},"3":{"type":"branch","line":10,"loc":{"start":{"line":10,"column":60},"end":{"line":10,"column":66}},"locations":[{"start":{"line":10,"column":60},"end":{"line":10,"column":66}}]},"4":{"type":"branch","line":11,"loc":{"start":{"line":11,"column":75},"end":{"line":11,"column":81}},"locations":[{"start":{"line":11,"column":75},"end":{"line":11,"column":81}}]},"5":{"type":"branch","line":16,"loc":{"start":{"line":16,"column":2},"end":{"line":27,"column":3}},"locations":[{"start":{"line":16,"column":2},"end":{"line":27,"column":3}}]},"6":{"type":"branch","line":18,"loc":{"start":{"line":18,"column":28},"end":{"line":26,"column":6}},"locations":[{"start":{"line":18,"column":28},"end":{"line":26,"column":6}}]},"7":{"type":"branch","line":22,"loc":{"start":{"line":22,"column":60},"end":{"line":22,"column":66}},"locations":[{"start":{"line":22,"column":60},"end":{"line":22,"column":66}}]},"8":{"type":"branch","line":23,"loc":{"start":{"line":23,"column":49},"end":{"line":23,"column":74}},"locations":[{"start":{"line":23,"column":49},"end":{"line":23,"column":74}}]}},"b":{"0":[2],"1":[3],"2":[1],"3":[2],"4":[0],"5":[1],"6":[1],"7":[0],"8":[0]},"fnMap":{"0":{"name":"getAccountHistory","decl":{"start":{"line":4,"column":2},"end":{"line":15,"column":3}},"loc":{"start":{"line":4,"column":2},"end":{"line":15,"column":3}},"line":4},"1":{"name":"getAllHistory","decl":{"start":{"line":16,"column":2},"end":{"line":27,"column":3}},"loc":{"start":{"line":16,"column":2},"end":{"line":27,"column":3}},"line":16}},"f":{"0":2,"1":1}}
,"/home/skyfall/Téléchargements/ict_304-main/src/utils/errors.js": {"path":"/home/skyfall/Téléchargements/ict_304-main/src/utils/errors.js","all":false,"statementMap":{"0":{"start":{"line":1,"column":0},"end":{"line":1,"column":42}},"1":{"start":{"line":2,"column":0},"end":{"line":2,"column":24}},"2":{"start":{"line":3,"column":0},"end":{"line":3,"column":19}},"3":{"start":{"line":4,"column":0},"end":{"line":4,"column":32}},"4":{"start":{"line":5,"column":0},"end":{"line":5,"column":22}},"5":{"start":{"line":6,"column":0},"end":{"line":6,"column":3}},"6":{"start":{"line":7,"column":0},"end":{"line":7,"column":1}},"7":{"start":{"line":8,"column":0},"end":{"line":8,"column":0}},"8":{"start":{"line":9,"column":0},"end":{"line":9,"column":46}},"9":{"start":{"line":10,"column":0},"end":{"line":10,"column":24}},"10":{"start":{"line":11,"column":0},"end":{"line":11,"column":19}},"11":{"start":{"line":12,"column":0},"end":{"line":12,"column":36}},"12":{"start":{"line":13,"column":0},"end":{"line":13,"column":22}},"13":{"start":{"line":14,"column":0},"end":{"line":14,"column":3}},"14":{"start":{"line":15,"column":0},"end":{"line":15,"column":1}},"15":{"start":{"line":16,"column":0},"end":{"line":16,"column":0}},"16":{"start":{"line":17,"column":0},"end":{"line":17,"column":43}},"17":{"start":{"line":18,"column":0},"end":{"line":18,"column":24}},"18":{"start":{"line":19,"column":0},"end":{"line":19,"column":19}},"19":{"start":{"line":20,"column":0},"end":{"line":20,"column":33}},"20":{"start":{"line":21,"column":0},"end":{"line":21,"column":22}},"21":{"start":{"line":22,"column":0},"end":{"line":22,"column":3}},"22":{"start":{"line":23,"column":0},"end":{"line":23,"column":1}},"23":{"start":{"line":24,"column":0},"end":{"line":24,"column":0}},"24":{"start":{"line":25,"column":0},"end":{"line":25,"column":49}},"25":{"start":{"line":26,"column":0},"end":{"line":26,"column":24}},"26":{"start":{"line":27,"column":0},"end":{"line":27,"column":19}},"27":{"start":{"line":28,"column":0},"end":{"line":28,"column":39}},"28":{"start":{"line":29,"column":0},"end":{"line":29,"column":22}},"29":{"start":{"line":30,"column":0},"end":{"line":30,"column":3}},"30":{"start":{"line":31,"column":0},"end":{"line":31,"column":1}}},"s":{"0":1,"1":1,"2":3,"3":3,"4":3,"5":3,"6":1,"7":1,"8":1,"9":1,"10":1,"11":1,"12":1,"13":1,"14":1,"15":1,"16":1,"17":1,"18":1,"19":1,"20":1,"21":1,"22":1,"23":1,"24":1,"25":1,"26":13,"27":13,"28":13,"29":13,"30":1},"branchMap":{"0":{"type":"branch","line":2,"loc":{"start":{"line":2,"column":2},"end":{"line":6,"column":3}},"locations":[{"start":{"line":2,"column":2},"end":{"line":6,"column":3}}]},"1":{"type":"branch","line":10,"loc":{"start":{"line":10,"column":2},"end":{"line":14,"column":3}},"locations":[{"start":{"line":10,"column":2},"end":{"line":14,"column":3}}]},"2":{"type":"branch","line":18,"loc":{"start":{"line":18,"column":2},"end":{"line":22,"column":3}},"locations":[{"start":{"line":18,"column":2},"end":{"line":22,"column":3}}]},"3":{"type":"branch","line":26,"loc":{"start":{"line":26,"column":2},"end":{"line":30,"column":3}},"locations":[{"start":{"line":26,"column":2},"end":{"line":30,"column":3}}]}},"b":{"0":[3],"1":[1],"2":[1],"3":[13]},"fnMap":{"0":{"name":"NotFoundError","decl":{"start":{"line":2,"column":2},"end":{"line":6,"column":3}},"loc":{"start":{"line":2,"column":2},"end":{"line":6,"column":3}},"line":2},"1":{"name":"UnauthorizedError","decl":{"start":{"line":10,"column":2},"end":{"line":14,"column":3}},"loc":{"start":{"line":10,"column":2},"end":{"line":14,"column":3}},"line":10},"2":{"name":"ForbiddenError","decl":{"start":{"line":18,"column":2},"end":{"line":22,"column":3}},"loc":{"start":{"line":18,"column":2},"end":{"line":22,"column":3}},"line":18},"3":{"name":"IllegalArgumentError","decl":{"start":{"line":26,"column":2},"end":{"line":30,"column":3}},"loc":{"start":{"line":26,"column":2},"end":{"line":30,"column":3}},"line":26}},"f":{"0":3,"1":1,"2":1,"3":13}}
}
